

<!DOCTYPE html>
<html>
<head>
<meta charset="UTF-8">
<meta name="viewport" content="width=device-width, initial-scale=1, shrink-to-fit=no">
<title>Extent</title>
<link rel="apple-touch-icon" href="https://cdn.jsdelivr.net/gh/extent-framework/extent-github-cdn@b00a2d0486596e73dd7326beacf352c639623a0e/commons/img/logo.png">
<link rel="shortcut icon" href="https://cdn.jsdelivr.net/gh/extent-framework/extent-github-cdn@b00a2d0486596e73dd7326beacf352c639623a0e/commons/img/logo.png">
<link href="https://cdn.jsdelivr.net/gh/extent-framework/extent-github-cdn@d6562a79075e061305ccfdb82f01e5e195e2d307/spark/css/spark-style.css" rel="stylesheet" />
<link href="https://stackpath.bootstrapcdn.com/font-awesome/4.7.0/css/font-awesome.min.css" rel="stylesheet">
<script src="https://cdn.jsdelivr.net/gh/extent-framework/extent-github-cdn@7cc78ce/spark/js/jsontree.js"></script>
<style type="text/css"></style></head><body class="spa bdd-report dark">
  <div class="app">
    <div class="layout">
<div class="header navbar">
<div class="vheader">
<div class="nav-logo">
<a href="#">
<div class="logo" style="background-image: url('https://cdn.jsdelivr.net/gh/extent-framework/extent-github-cdn@b00a2d0486596e73dd7326beacf352c639623a0e/commons/img/logo.png')"></div>
</a>
</div>
<ul class="nav-left">
<li class="search-box">
<a class="search-toggle" href="#">
<i class="search-icon fa fa-search"></i>
<i class="search-icon-close fa fa-close"></i>
</a>
</li>
<li class="search-input"><input id="search-tests" class="form-control" type="text" placeholder="Search..."></li>
</ul>
<ul class="nav-right">
<li class="m-r-10">
<a href="#"><span class="badge badge-primary">Digital Bank Report</span></a>
</li>
<li class="m-r-10">
<a href="#"><span class="badge badge-primary">Jan 23, 2024 01:27:20 pm</span></a>
</li>
</ul>
</div>
</div><div class="side-nav">
<div class="side-nav-inner">
<ul class="side-nav-menu">
<li class="nav-item dropdown" onclick="toggleView('dashboard-view')">
<a id="nav-dashboard" class="dropdown-toggle" href="#">
<span class="ico"><i class="fa fa-bar-chart"></i></span>
</a>
</li>
<li class="nav-item dropdown" onclick="toggleView('test-view')">
<a id="nav-test" class="dropdown-toggle" href="#">
<span class="ico"><i class="fa fa-list"></i></span>
</a>
</li>
<li class="nav-item dropdown" onclick="toggleView('category-view')">
<a id="nav-category" class="dropdown-toggle" href="#">
<span class="ico"><i class="fa fa-tag"></i></span>
</a>
</li>
<li class="nav-item dropdown" onclick="toggleView('exception-view')">
<a id="nav-exception" class="dropdown-toggle" href="#">
<span class="ico"><i class="fa fa-bug"></i></span>
</a>
</li>
</ul>
</div>
</div>      <div class="vcontainer">
        <div class="main-content">
<div class="container-fluid p-4 view dashboard-view">
<div class="row">
<div class="col-md-3">
<div class="card"><div class="card-body">
<p class="m-b-0">Started</p>
<h3>Jan 23, 2024 01:27:20 pm</h3>
</div></div>
</div>
<div class="col-md-3">
<div class="card"><div class="card-body">
<p class="m-b-0">Ended</p>
<h3>Jan 23, 2024 01:32:41 pm</h3>
</div></div>
</div>
<div class="col-md-3">
<div class="card"><div class="card-body">
<p class="m-b-0 text-pass">Features Passed</p>
<h3>5</h3>
</div></div>
</div>
<div class="col-md-3">
<div class="card"><div class="card-body">
<p class="m-b-0 text-fail">Features Failed</p>
<h3>3</h3>
</div></div>
</div>
</div>
<div class="row">
<div class="col-md-4">
<div class="card">
<div class="card-header">
<h6 class="card-title">Features</h6>
</div>
<div class="card-body">
<div class="">
<canvas id='parent-analysis' width='115' height='90'></canvas>
</div>
</div>
<div class="card-footer">
<div><small data-tooltip='62%'>
<b>5</b> features passed
</small>
</div>
<div>
<small data-tooltip='37%'><b>3</b> features failed,
<b>0</b> skipped, <b data-tooltip='0%'>0</b> others
</small>
</div>
</div>
</div>
</div>
<div class="col-md-4">
<div class="card">
<div class="card-header">
<h6 class="card-title">Scenarios</h6>
</div>
<div class="card-body">
<div class="">
<canvas id='child-analysis' width='115' height='90'></canvas>
</div>
</div>
<div class="card-footer">
<div><small data-tooltip='45%'><b>5</b> scenarios passed</small></div>
<div>
<small data-tooltip='54%'><b>6</b> scenarios failed,
<b>0</b> skipped, <b data-tooltip='%'>0</b> others
</small>
</div>
</div>
</div>
</div>
<div class="col-md-4">
<div class="card">
<div class="card-header">
<h6 class="card-title">Steps</h6>
</div>
<div class="card-body">
<div class="">
<canvas id='grandchild-analysis' width='115' height='90'></canvas>
</div>
</div>
<div class="card-footer">
<div><small data-tooltip='78%'><b>52</b> steps passed</small></div>
<div>
<small data-tooltip='9%'><b>6</b> steps failed,
<b>8</b> skipped, <b data-tooltip='%'>0</b> others
</small>
</div>
</div>
</div>
</div>
</div>
<div class="row"><div class="col-md-12">
<div class="card"><div class="card-header"><p>Timeline</p></div>
<div class="card-body pt-0"><div>
<canvas id="timeline" height="120"></canvas>
</div></div>
</div>
</div></div>
<script>
var timeline = {
"Testing dbankdemo SignUp feature":32.092,"Testing SignIn feature of dbankdemo website":77.91,"Testing dbankdemo Deposit into Account feature":20.921,"With draw from account":45.975,"Tranfer Between Accounts":48.998,"Money transfer to Visa":60.32,"Testing dbankdemo Search TRN of View Checking feature":15.08,"Testing banking website":17.004
};
</script>
<div class="row">
<div class="col-lg-6 col-md-12 category-container">
<div class="card">
<div class="card-header"><p>Tags</p></div>
<div class="card-body pb-0 pt-0"><table class="table table-sm table-bordered">
<thead><tr class="bg-gray"><th>Name</th><th>Passed</th><th>Failed</th><th>Skipped</th><th>Others</th><th>Passed %</th></tr></thead><tbody>
<tr>
<td>@tag</td>
<td>1</td>
<td>0</td>
<td>0</td>
<td>0</td>
<td>100%</td>
</tr>
</tbody>
</table></div>
</div>
</div>
<div class="col-lg-6 col-md-12 sysenv-container">
<div class="card">
<div class="card-header"><p>System/Environment</p></div>
<div class="card-body pb-0 pt-0"><table class="table table-sm table-bordered">
<thead><tr class="bg-gray"><th>Name</th><th>Value</th></tr></thead>
<tbody>
<tr>
<td>AppName</td>
<td>Digital Bank</td>
</tr>
<tr>
<td>user</td>
<td>Kiran S</td>
</tr>
<tr>
<td>build</td>
<td>1.1</td>
</tr>
<tr>
<td>os</td>
<td>Windows</td>
</tr>
</tbody>
</table></div>
</div>
</div>
</div>
</div>
<script>
var statusGroup = {
parentCount: 5,
passParent: 5,
failParent: 3,
warningParent: 0,
skipParent: 0,
childCount: 5,
passChild: 5,
failChild: 6,
warningChild: 0,
skipChild: 0,
infoChild: 0,
grandChildCount: 5,
passGrandChild: 52,
failGrandChild: 6,
warningGrandChild: 0,
skipGrandChild: 8,
infoGrandChild: 0,
eventsCount: 5,
};
</script><div class="test-wrapper row view test-view">
  <div class="test-list">
    <div class="test-list-tools">
<ul class="tools pull-left">
<li><a href="#"><span class="font-size-14">Tests</span></a></li>
</ul>
<ul class="tools text-right">
<li class="dropdown">
<a href="#" class="dropdown-toggle" data-toggle="dropdown"><i class="fa fa-exclamation-circle"></i></a>
<ul id="status-toggle" class="dropdown-menu dropdown-md p-v-0">
<a class="dropdown-item" status="pass" href="#"><span>Pass</span><span class="status success"></span></a>
<a class="dropdown-item" status="fail" href="#"><span>Fail</span><span class="status danger"></span></a>
<div class="dropdown-divider"></div>
<a status="clear" class="dropdown-item" href="#"><span>Clear</span><span class="pull-right"><i class="fa fa-close"></i></span></a>
</ul>
</li>
<li class="dropdown">
<a href="#" class="dropdown-toggle" data-toggle="dropdown"><i class="fa fa-tag"></i></a>
<ul id="tag-toggle" class="dropdown-menu dropdown-md p-v-0">
<a class="dropdown-item" href="#">@tag</a>
</ul>
</li>
</ul>
</div>    <div class="test-list-wrapper scrollable">
      <ul class="test-list-item">
        <li class="test-item"  status="fail" test-id="1"
          author=""
          tag=""
          device="">
          <div class="test-detail">
            <p class="name">Testing dbankdemo SignUp feature</p>
            <p class="text-sm">
              <span>1:27:22 pm</span> / <span>00:00:32:092</span>
              <span class="badge fail-bg log float-right">Fail</span>
            </p>
          </div>
          <div class="test-contents d-none">
<div class="detail-head">
<div class="p-v-10">
<div class="info">
<h5 class="test-status text-fail">Testing dbankdemo SignUp feature</h5>
<span class='badge badge-success'>01.23.2024 1:27:22 pm</span>
<span class='badge badge-danger'>01.23.2024 1:27:54 pm</span>
<span class='badge badge-default'>00:00:32:092</span>
&middot; <span class='uri-anchor badge badge-default'>#test-id=1</span>
<span class='badge badge-default pointer float-right ml-1 et'><i class="fa fa-chevron-down"></i></span>
<span class='badge badge-default pointer float-right ct'><i class="fa fa-chevron-up"></i></span>
</div>
<div class="m-t-10 m-l-5"></div>
</div>
</div>
<div class="accordion mt-4">
  <div class="card">
    <div class="card-header" role="tab">
      <div class="card-title">
        <div class="node" id="2"><span class="badge log fail-bg mr-2">Fail</span>Testing SignUp Page of Dbank Demo</div>
      </div>
    </div>
        <div class="">
          <div class="card-body">
              <div class="step pass-bg" title="stepDefs.SignUpDef.user_is_on_sign_up_page()">
                <span>Given User is on SignUp page</span>
      <div>
      </div>
              </div>
              <div class="step pass-bg" title="stepDefs.SignUpDef.check_next_button_without_any_data()">
                <span>When Check next button without any data</span>
      <div>
      </div>
              </div>
              <div class="step pass-bg" title="stepDefs.SignUpDef.check_next_button_with_already_registered_data()">
                <span>Then Check next button with already registered data</span>
      <div>
      </div>
              </div>
              <div class="step pass-bg" title="stepDefs.SignUpDef.check_next_button_with_valid_data()">
                <span>And Check next button with valid data</span>
      <div>
      </div>
              </div>
              <div class="step fail-bg" title="stepDefs.SignUpDef.check_register_button_without_any_data()">
                <span>Then Check Register button without any data</span>
      <div>
        <textarea disabled class="code-block">org.openqa.selenium.NoSuchElementException: no such element: Unable to locate element: {"method":"xpath","selector":"//button[text()='Register']"}
  (Session info: chrome=120.0.6099.225)
For documentation on this error, please visit: https://www.selenium.dev/documentation/webdriver/troubleshooting/errors#no-such-element-exception
Build info: version: '4.11.0', revision: '040bc5406b'
System info: os.name: 'Windows 10', os.arch: 'amd64', os.version: '10.0', java.version: '17.0.7'
Driver info: org.openqa.selenium.chrome.ChromeDriver
Command: [524b83c62cc91ec975deecde971181c9, findElement {using=xpath, value=//button[text()='Register']}]
Capabilities {acceptInsecureCerts: false, browserName: chrome, browserVersion: 120.0.6099.225, chrome: {chromedriverVersion: 120.0.6099.109 (3419140ab66..., userDataDir: C:\WINDOWS\SystemTemp\scope...}, fedcm:accounts: true, goog:chromeOptions: {debuggerAddress: localhost:36176}, networkConnectionEnabled: false, pageLoadStrategy: normal, platformName: windows, proxy: Proxy(), se:cdp: ws://localhost:36176/devtoo..., se:cdpVersion: 120.0.6099.225, setWindowRect: true, strictFileInteractability: false, timeouts: {implicit: 0, pageLoad: 300000, script: 30000}, unhandledPromptBehavior: dismiss and notify, webauthn:extension:credBlob: true, webauthn:extension:largeBlob: true, webauthn:extension:minPinLength: true, webauthn:extension:prf: true, webauthn:virtualAuthenticators: true}
Session ID: 524b83c62cc91ec975deecde971181c9
	at java.base/jdk.internal.reflect.NativeConstructorAccessorImpl.newInstance0(Native Method)
	at java.base/jdk.internal.reflect.NativeConstructorAccessorImpl.newInstance(NativeConstructorAccessorImpl.java:77)
	at java.base/jdk.internal.reflect.DelegatingConstructorAccessorImpl.newInstance(DelegatingConstructorAccessorImpl.java:45)
	at java.base/java.lang.reflect.Constructor.newInstanceWithCaller(Constructor.java:499)
	at java.base/java.lang.reflect.Constructor.newInstance(Constructor.java:480)
	at org.openqa.selenium.remote.codec.w3c.W3CHttpResponseCodec.createException(W3CHttpResponseCodec.java:200)
	at org.openqa.selenium.remote.codec.w3c.W3CHttpResponseCodec.decode(W3CHttpResponseCodec.java:133)
	at org.openqa.selenium.remote.codec.w3c.W3CHttpResponseCodec.decode(W3CHttpResponseCodec.java:52)
	at org.openqa.selenium.remote.HttpCommandExecutor.execute(HttpCommandExecutor.java:191)
	at org.openqa.selenium.remote.service.DriverCommandExecutor.invokeExecute(DriverCommandExecutor.java:196)
	at org.openqa.selenium.remote.service.DriverCommandExecutor.execute(DriverCommandExecutor.java:171)
	at org.openqa.selenium.remote.RemoteWebDriver.execute(RemoteWebDriver.java:518)
	at org.openqa.selenium.remote.ElementLocation$ElementFinder$2.findElement(ElementLocation.java:165)
	at org.openqa.selenium.remote.ElementLocation.findElement(ElementLocation.java:59)
	at org.openqa.selenium.remote.RemoteWebDriver.findElement(RemoteWebDriver.java:355)
	at org.openqa.selenium.remote.RemoteWebDriver.findElement(RemoteWebDriver.java:349)
	at org.openqa.selenium.support.pagefactory.DefaultElementLocator.findElement(DefaultElementLocator.java:68)
	at org.openqa.selenium.support.pagefactory.internal.LocatingElementHandler.invoke(LocatingElementHandler.java:38)
	at jdk.proxy2/jdk.proxy2.$Proxy48.click(Unknown Source)
	at pageFactory.SignUp.clickonRegisterBtn(SignUp.java:127)
	at stepDefs.SignUpDef.check_register_button_without_any_data(SignUpDef.java:49)
	at ✽.Check Register button without any data(file:///C:/Users/DELL/git/SignInDBankDemo/RLLProject/src/test/java/feature/m1_SignUp.feature:9)
</textarea>
      
      </div>
              </div>
              <div class="step skip-bg" title="stepDefs.SignUpDef.check_register_button_with_valid_data()">
                <span>And Check Register button with valid data</span>
      <div>Step skipped
      </div>
              </div>
          </div>
        </div>
  </div>
  <div class="card">
    <div class="card-header" role="tab">
      <div class="card-title">
        <div class="node" id="9"><span class="badge log fail-bg mr-2">Fail</span>Testing SignUp Page of Dbank Demo</div>
      </div>
    </div>
        <div class="">
          <div class="card-body">
              <div class="step fail-bg" title="stepDefs.SignUpDef.user_is_on_sign_up_page()">
                <span>Given User is on SignUp page</span>
      <div>
        <textarea disabled class="code-block">org.openqa.selenium.NoSuchElementException: no such element: Unable to locate element: {"method":"xpath","selector":"/html/body/div[1]/div/div/div[2]/form/div[4]/p/a"}
  (Session info: chrome=120.0.6099.225)
For documentation on this error, please visit: https://www.selenium.dev/documentation/webdriver/troubleshooting/errors#no-such-element-exception
Build info: version: '4.11.0', revision: '040bc5406b'
System info: os.name: 'Windows 10', os.arch: 'amd64', os.version: '10.0', java.version: '17.0.7'
Driver info: org.openqa.selenium.chrome.ChromeDriver
Command: [524b83c62cc91ec975deecde971181c9, findElement {using=xpath, value=/html/body/div[1]/div/div/div[2]/form/div[4]/p/a}]
Capabilities {acceptInsecureCerts: false, browserName: chrome, browserVersion: 120.0.6099.225, chrome: {chromedriverVersion: 120.0.6099.109 (3419140ab66..., userDataDir: C:\WINDOWS\SystemTemp\scope...}, fedcm:accounts: true, goog:chromeOptions: {debuggerAddress: localhost:36176}, networkConnectionEnabled: false, pageLoadStrategy: normal, platformName: windows, proxy: Proxy(), se:cdp: ws://localhost:36176/devtoo..., se:cdpVersion: 120.0.6099.225, setWindowRect: true, strictFileInteractability: false, timeouts: {implicit: 0, pageLoad: 300000, script: 30000}, unhandledPromptBehavior: dismiss and notify, webauthn:extension:credBlob: true, webauthn:extension:largeBlob: true, webauthn:extension:minPinLength: true, webauthn:extension:prf: true, webauthn:virtualAuthenticators: true}
Session ID: 524b83c62cc91ec975deecde971181c9
	at java.base/jdk.internal.reflect.NativeConstructorAccessorImpl.newInstance0(Native Method)
	at java.base/jdk.internal.reflect.NativeConstructorAccessorImpl.newInstance(NativeConstructorAccessorImpl.java:77)
	at java.base/jdk.internal.reflect.DelegatingConstructorAccessorImpl.newInstance(DelegatingConstructorAccessorImpl.java:45)
	at java.base/java.lang.reflect.Constructor.newInstanceWithCaller(Constructor.java:499)
	at java.base/java.lang.reflect.Constructor.newInstance(Constructor.java:480)
	at org.openqa.selenium.remote.codec.w3c.W3CHttpResponseCodec.createException(W3CHttpResponseCodec.java:200)
	at org.openqa.selenium.remote.codec.w3c.W3CHttpResponseCodec.decode(W3CHttpResponseCodec.java:133)
	at org.openqa.selenium.remote.codec.w3c.W3CHttpResponseCodec.decode(W3CHttpResponseCodec.java:52)
	at org.openqa.selenium.remote.HttpCommandExecutor.execute(HttpCommandExecutor.java:191)
	at org.openqa.selenium.remote.service.DriverCommandExecutor.invokeExecute(DriverCommandExecutor.java:196)
	at org.openqa.selenium.remote.service.DriverCommandExecutor.execute(DriverCommandExecutor.java:171)
	at org.openqa.selenium.remote.RemoteWebDriver.execute(RemoteWebDriver.java:518)
	at org.openqa.selenium.remote.ElementLocation$ElementFinder$2.findElement(ElementLocation.java:165)
	at org.openqa.selenium.remote.ElementLocation.findElement(ElementLocation.java:59)
	at org.openqa.selenium.remote.RemoteWebDriver.findElement(RemoteWebDriver.java:355)
	at org.openqa.selenium.remote.RemoteWebDriver.findElement(RemoteWebDriver.java:349)
	at org.openqa.selenium.support.pagefactory.DefaultElementLocator.findElement(DefaultElementLocator.java:68)
	at org.openqa.selenium.support.pagefactory.internal.LocatingElementHandler.invoke(LocatingElementHandler.java:38)
	at jdk.proxy2/jdk.proxy2.$Proxy48.click(Unknown Source)
	at pageFactory.SignUp.clickonSignUpHere(SignUp.java:88)
	at stepDefs.SignUpDef.user_is_on_sign_up_page(SignUpDef.java:22)
	at ✽.User is on SignUp page(file:///C:/Users/DELL/git/SignInDBankDemo/RLLProject/src/test/java/feature/m1_SignUp.feature:5)
</textarea>
      
      </div>
              </div>
              <div class="step skip-bg" title="stepDefs.SignUpDef.check_next_button_without_any_data()">
                <span>When Check next button without any data</span>
      <div>Step skipped
      </div>
              </div>
              <div class="step skip-bg" title="stepDefs.SignUpDef.check_next_button_with_already_registered_data()">
                <span>Then Check next button with already registered data</span>
      <div>Step skipped
      </div>
              </div>
              <div class="step skip-bg" title="stepDefs.SignUpDef.check_next_button_with_valid_data()">
                <span>And Check next button with valid data</span>
      <div>Step skipped
      </div>
              </div>
              <div class="step skip-bg" title="stepDefs.SignUpDef.check_register_button_without_any_data()">
                <span>Then Check Register button without any data</span>
      <div>Step skipped
      </div>
              </div>
              <div class="step skip-bg" title="stepDefs.SignUpDef.check_register_button_with_valid_data()">
                <span>And Check Register button with valid data</span>
      <div>Step skipped
      </div>
              </div>
          </div>
        </div>
  </div>
</div>
          </div>
        </li>
        <li class="test-item"  status="fail" test-id="16"
          author=""
          tag=""
          device="">
          <div class="test-detail">
            <p class="name">Testing SignIn feature of dbankdemo website</p>
            <p class="text-sm">
              <span>1:27:54 pm</span> / <span>00:01:17:910</span>
              <span class="badge fail-bg log float-right">Fail</span>
            </p>
          </div>
          <div class="test-contents d-none">
<div class="detail-head">
<div class="p-v-10">
<div class="info">
<h5 class="test-status text-fail">Testing SignIn feature of dbankdemo website</h5>
<span class='badge badge-success'>01.23.2024 1:27:54 pm</span>
<span class='badge badge-danger'>01.23.2024 1:29:12 pm</span>
<span class='badge badge-default'>00:01:17:910</span>
&middot; <span class='uri-anchor badge badge-default'>#test-id=16</span>
<span class='badge badge-default pointer float-right ml-1 et'><i class="fa fa-chevron-down"></i></span>
<span class='badge badge-default pointer float-right ct'><i class="fa fa-chevron-up"></i></span>
</div>
<div class="m-t-10 m-l-5"></div>
</div>
</div>
<div class="accordion mt-4">
  <div class="card">
    <div class="card-header" role="tab">
      <div class="card-title">
        <div class="node" id="17"><span class="badge log fail-bg mr-2">Fail</span>User logs in with the Digital Bank website with valid and invalid credentials from Excel</div>
      </div>
    </div>
        <div class="">
          <div class="card-body">
              <div class="step pass-bg" title="stepDefs.SignInPageSteps.open_Browser()">
                <span>Given I open my dbankdemo website on chrome browser</span>
      <div>
      </div>
              </div>
              <div class="step pass-bg" title="stepDefs.SignInPageSteps.iHaveValidLoginCredentialsFromExcel(java.lang.String)">
                <span>When I entered the login credentials from Excel "J:\MPHASIS\RLL\SignInDbankDemo.xlsx" and i clicked on signin</span>
      <div>
      </div>
              </div>
              <div class="step fail-bg" title="stepDefs.SignInPageSteps.iEnterTheLoginCredentials()">
                <span>Then I close my browser</span>
      <div>
        <textarea disabled class="code-block">java.lang.AssertionError: expected [Error Invalid credentials or access not granted due to user account status or an existing user session.] but found [Error Invalid credentials or access not granted due to user account status or an existing user session.
×]
	at org.testng.Assert.fail(Assert.java:110)
	at org.testng.Assert.failNotEquals(Assert.java:1577)
	at org.testng.Assert.assertEqualsImpl(Assert.java:149)
	at org.testng.Assert.assertEquals(Assert.java:131)
	at org.testng.Assert.assertEquals(Assert.java:655)
	at org.testng.Assert.assertEquals(Assert.java:665)
	at stepDefs.SignInPageSteps.iEnterTheLoginCredentials(SignInPageSteps.java:93)
	at ✽.I close my browser(file:///C:/Users/DELL/git/SignInDBankDemo/RLLProject/src/test/java/feature/m2_Signin.feature:27)
</textarea>
      
      </div>
              </div>
          </div>
        </div>
  </div>
  <div class="card">
    <div class="card-header" role="tab">
      <div class="card-title">
        <div class="node" id="21"><span class="badge log fail-bg mr-2">Fail</span>User logs in with the Digital Bank website with valid and invalid credentials from Excel</div>
      </div>
    </div>
        <div class="">
          <div class="card-body">
              <div class="step pass-bg" title="stepDefs.SignInPageSteps.open_Browser()">
                <span>Given I open my dbankdemo website on chrome browser</span>
      <div>
      </div>
              </div>
              <div class="step pass-bg" title="stepDefs.SignInPageSteps.iHaveValidLoginCredentialsFromExcel(java.lang.String)">
                <span>When I entered the login credentials from Excel "J:\MPHASIS\RLL\SignInDbankDemo.xlsx" and i clicked on signin</span>
      <div>
      </div>
              </div>
              <div class="step fail-bg" title="stepDefs.SignInPageSteps.iEnterTheLoginCredentials()">
                <span>Then I close my browser</span>
      <div>
        <textarea disabled class="code-block">java.lang.AssertionError: expected [Error Invalid credentials or access not granted due to user account status or an existing user session.] but found [Error Invalid credentials or access not granted due to user account status or an existing user session.
×]
	at org.testng.Assert.fail(Assert.java:110)
	at org.testng.Assert.failNotEquals(Assert.java:1577)
	at org.testng.Assert.assertEqualsImpl(Assert.java:149)
	at org.testng.Assert.assertEquals(Assert.java:131)
	at org.testng.Assert.assertEquals(Assert.java:655)
	at org.testng.Assert.assertEquals(Assert.java:665)
	at stepDefs.SignInPageSteps.iEnterTheLoginCredentials(SignInPageSteps.java:93)
	at ✽.I close my browser(file:///C:/Users/DELL/git/SignInDBankDemo/RLLProject/src/test/java/feature/m2_Signin.feature:27)
</textarea>
      
      </div>
              </div>
          </div>
        </div>
  </div>
</div>
          </div>
        </li>
        <li class="test-item"  status="pass" test-id="25"
          author=""
          tag=""
          device="">
          <div class="test-detail">
            <p class="name">Testing dbankdemo Deposit into Account feature</p>
            <p class="text-sm">
              <span>1:29:12 pm</span> / <span>00:00:20:921</span>
              <span class="badge pass-bg log float-right">Pass</span>
            </p>
          </div>
          <div class="test-contents d-none">
<div class="detail-head">
<div class="p-v-10">
<div class="info">
<h5 class="test-status text-pass">Testing dbankdemo Deposit into Account feature</h5>
<span class='badge badge-success'>01.23.2024 1:29:12 pm</span>
<span class='badge badge-danger'>01.23.2024 1:29:33 pm</span>
<span class='badge badge-default'>00:00:20:921</span>
&middot; <span class='uri-anchor badge badge-default'>#test-id=25</span>
<span class='badge badge-default pointer float-right ml-1 et'><i class="fa fa-chevron-down"></i></span>
<span class='badge badge-default pointer float-right ct'><i class="fa fa-chevron-up"></i></span>
</div>
<div class="m-t-10 m-l-5"></div>
</div>
</div>
<div class="accordion mt-4">
  <div class="card">
    <div class="card-header" role="tab">
      <div class="card-title">
        <div class="node" id="26"><span class="badge log pass-bg mr-2">Pass</span>Testing Deposit into Account page</div>
      </div>
    </div>
        <div class="collapse">
          <div class="card-body">
              <div class="step pass-bg" title="stepDefs.Deposit_Step_def.user_is_on_deposit_page()">
                <span>Given User is on Deposit page</span>
      <div>
      </div>
              </div>
              <div class="step pass-bg" title="stepDefs.Deposit_Step_def.validating_reset_button()">
                <span>When Validating Reset button</span>
      <div>
      </div>
              </div>
              <div class="step pass-bg" title="stepDefs.Deposit_Step_def.validating_submit_button_with_no_data()">
                <span>Then Validating Submit button with no data</span>
      <div>
      </div>
              </div>
              <div class="step pass-bg" title="stepDefs.Deposit_Step_def.validating_submit_button_with_amount_field_as_zero()">
                <span>And Validating Submit button with Amount field as zero</span>
      <div>
      </div>
              </div>
              <div class="step pass-bg" title="stepDefs.Deposit_Step_def.validating_succesful_deposit_transaction_with_valid_credentials()">
                <span>Then Validating succesful deposit transaction with valid credentials</span>
      <div>
      </div>
              </div>
          </div>
        </div>
  </div>
</div>
          </div>
        </li>
        <li class="test-item"  status="pass" test-id="32"
          author=""
          tag=""
          device="">
          <div class="test-detail">
            <p class="name">With draw from account</p>
            <p class="text-sm">
              <span>1:29:33 pm</span> / <span>00:00:45:975</span>
              <span class="badge pass-bg log float-right">Pass</span>
            </p>
          </div>
          <div class="test-contents d-none">
<div class="detail-head">
<div class="p-v-10">
<div class="info">
<h5 class="test-status text-pass">With draw from account</h5>
<span class='badge badge-success'>01.23.2024 1:29:33 pm</span>
<span class='badge badge-danger'>01.23.2024 1:30:19 pm</span>
<span class='badge badge-default'>00:00:45:975</span>
&middot; <span class='uri-anchor badge badge-default'>#test-id=32</span>
<span class='badge badge-default pointer float-right ml-1 et'><i class="fa fa-chevron-down"></i></span>
<span class='badge badge-default pointer float-right ct'><i class="fa fa-chevron-up"></i></span>
</div>
<div class="m-t-10 m-l-5"></div>
</div>
</div>
<div class="accordion mt-4">
  <div class="card">
    <div class="card-header" role="tab">
      <div class="card-title">
        <div class="node" id="33"><span class="badge log pass-bg mr-2">Pass</span>Testing withdraw from account page</div>
      </div>
    </div>
        <div class="collapse">
          <div class="card-body">
              <div class="step pass-bg" title="stepDefs.Withdraw_step_def.user_navigates_to_the_url()">
                <span>Given User navigates to the URL</span>
      <div>
      </div>
              </div>
              <div class="step pass-bg" title="stepDefs.Withdraw_step_def.user_performs_the_login_process()">
                <span>When User performs the login process</span>
      <div>
      </div>
              </div>
              <div class="step pass-bg" title="stepDefs.Withdraw_step_def.click_Withdraw()">
                <span>Given User clicks on withdraw link</span>
      <div>
      </div>
              </div>
              <div class="step pass-bg" title="stepDefs.Withdraw_step_def.select_DropDown_button()">
                <span>Then select DropDown button and test</span>
      <div>
      </div>
              </div>
              <div class="step pass-bg" title="stepDefs.Withdraw_step_def.select_Reset_Button()">
                <span>And check RestButton</span>
      <div>
      </div>
              </div>
              <div class="step pass-bg" title="stepDefs.Withdraw_step_def.empty_Input_amount()">
                <span>Then check withdraw with no value in input</span>
      <div>
      </div>
              </div>
              <div class="step pass-bg" title="stepDefs.Withdraw_step_def.invalid_input()">
                <span>Then check withdraw with '0' amount</span>
      <div>
      </div>
              </div>
              <div class="step pass-bg" title="stepDefs.Withdraw_step_def.Exceed_bankamount()">
                <span>Then check withdraw with exceed bank amount</span>
      <div>
      </div>
              </div>
              <div class="step pass-bg" title="stepDefs.Withdraw_step_def.Withdraw_Amount_from_account()">
                <span>And give valid amount and deposite</span>
      <div>
      </div>
              </div>
          </div>
        </div>
  </div>
</div>
          </div>
        </li>
        <li class="test-item"  status="pass" test-id="43"
          author=""
          tag=""
          device="">
          <div class="test-detail">
            <p class="name">Tranfer Between Accounts</p>
            <p class="text-sm">
              <span>1:30:19 pm</span> / <span>00:00:48:998</span>
              <span class="badge pass-bg log float-right">Pass</span>
            </p>
          </div>
          <div class="test-contents d-none">
<div class="detail-head">
<div class="p-v-10">
<div class="info">
<h5 class="test-status text-pass">Tranfer Between Accounts</h5>
<span class='badge badge-success'>01.23.2024 1:30:19 pm</span>
<span class='badge badge-danger'>01.23.2024 1:31:08 pm</span>
<span class='badge badge-default'>00:00:48:998</span>
&middot; <span class='uri-anchor badge badge-default'>#test-id=43</span>
<span class='badge badge-default pointer float-right ml-1 et'><i class="fa fa-chevron-down"></i></span>
<span class='badge badge-default pointer float-right ct'><i class="fa fa-chevron-up"></i></span>
</div>
<div class="m-t-10 m-l-5"> I want to use this template for my feature file</div>
</div>
</div>
<div class="accordion mt-4">
  <div class="card">
    <div class="card-header" role="tab">
      <div class="card-title">
        <div class="node" id="44"><span class="badge log pass-bg mr-2">Pass</span>Tesing transfer bw accounts page</div>
      </div>
    </div>
        <div class="collapse">
          <div class="card-body">
              <div class="step pass-bg" title="stepDefs.TransferPage.i_am_on_signin_page()">
                <span>Given I am on signin page</span>
      <div>
      </div>
              </div>
              <div class="step pass-bg" title="stepDefs.TransferPage.i_will_sign_in_with_valid_credentials()">
                <span>And i will sign in with valid credentials</span>
      <div>
      </div>
              </div>
              <div class="step pass-bg" title="stepDefs.TransferPage.i_click_on_the_transfer_amount_page()">
                <span>When i click on  the  transfer amount page</span>
      <div>
      </div>
              </div>
              <div class="step pass-bg" title="stepDefs.TransferPage.i_will_select_the_from_account()">
                <span>Then i will select the from account</span>
      <div>
      </div>
              </div>
              <div class="step pass-bg" title="stepDefs.TransferPage.i_will_select_the_to_account()">
                <span>And i will select the to account</span>
      <div>
      </div>
              </div>
              <div class="step pass-bg" title="stepDefs.TransferPage.i_enter_amount_on_the_page(io.cucumber.datatable.DataTable)">
                <span>Then I enter amount  on the page</span>
      <div><table class='markup-table table '><tr><td>1</td></tr><tr><td>5</td></tr><tr><td>0</td></tr><tr><td>10000</td></tr><tr><td>-100</td></tr><tr><td>ten</td></tr></table>
      </div>
      <div>
      </div>
              </div>
              <div class="step pass-bg" title="stepDefs.TransferPage.i_click_reset_button()">
                <span>And I click reset button</span>
      <div>
      </div>
              </div>
              <div class="step pass-bg" title="stepDefs.TransferPage.Validate_or_not()">
                <span>And Validate or not</span>
      <div>
      </div>
              </div>
          </div>
        </div>
  </div>
</div>
          </div>
        </li>
        <li class="test-item"  status="fail" test-id="53"
          author=""
          tag=""
          device="">
          <div class="test-detail">
            <p class="name">Money transfer to Visa</p>
            <p class="text-sm">
              <span>1:31:08 pm</span> / <span>00:01:00:320</span>
              <span class="badge fail-bg log float-right">Fail</span>
            </p>
          </div>
          <div class="test-contents d-none">
<div class="detail-head">
<div class="p-v-10">
<div class="info">
<h5 class="test-status text-fail">Money transfer to Visa</h5>
<span class='badge badge-success'>01.23.2024 1:31:08 pm</span>
<span class='badge badge-danger'>01.23.2024 1:32:09 pm</span>
<span class='badge badge-default'>00:01:00:320</span>
&middot; <span class='uri-anchor badge badge-default'>#test-id=53</span>
<span class='badge badge-default pointer float-right ml-1 et'><i class="fa fa-chevron-down"></i></span>
<span class='badge badge-default pointer float-right ct'><i class="fa fa-chevron-up"></i></span>
</div>
<div class="m-t-10 m-l-5"></div>
</div>
</div>
<div class="accordion mt-4">
  <div class="card">
    <div class="card-header" role="tab">
      <div class="card-title">
        <div class="node" id="54"><span class="badge log fail-bg mr-2">Fail</span>Testing direct payment to visa page</div>
      </div>
    </div>
        <div class="scenario_outline ">
            <div class="card-body l1">
              <div class="card-header">
                <div class="card-title outline-child">
                  <div class="node" id="55"><span class="badge log fail-bg mr-2">Fail</span>Testing direct payment to visa page</div>
                </div>
              </div>
              <div class="card-body mt-3 ">
                  <div class="step pass-bg">
                    <span>When I am on the dbankwebpage</span>
      <div>
      </div>
                  </div>
                  <div class="step pass-bg">
                    <span>Then I sign in using valid credentials</span>
      <div>
      </div>
                  </div>
                  <div class="step pass-bg">
                    <span>And I enter on the Home Page</span>
      <div>
      </div>
                  </div>
                  <div class="step pass-bg">
                    <span>Then I  click on Direct Transer to visa</span>
      <div>
      </div>
                  </div>
                  <div class="step pass-bg">
                    <span>Then I select the visa account number</span>
      <div>
      </div>
                  </div>
                  <div class="step pass-bg">
                    <span>Then I give the transfer amount as '1000'</span>
      <div>
      </div>
                  </div>
                  <div class="step fail-bg">
                    <span>And I click on  submit</span>
      <div>
        <textarea disabled class="code-block">java.lang.AssertionError: Please raise a tickect Current Api is not working ...
	at org.testng.Assert.fail(Assert.java:110)
	at stepDefs.DirectPaymentToVisasteps.i_click_on_submit(DirectPaymentToVisasteps.java:82)
	at ✽.I click on  submit(file:///C:/Users/DELL/git/SignInDBankDemo/RLLProject/src/test/java/feature/m6_DirectPaymentToVisa.feature:10)
</textarea>
      
      </div>
                  </div>
                  <div class="step skip-bg">
                    <span>And I will get result as 'Service Unavailable'</span>
      <div>Step skipped
      </div>
                  </div>
              </div>
            </div>
            <div class="card-body l1">
              <div class="card-header">
                <div class="card-title outline-child">
                  <div class="node" id="64"><span class="badge log fail-bg mr-2">Fail</span>Testing direct payment to visa page</div>
                </div>
              </div>
              <div class="card-body mt-3 ">
                  <div class="step pass-bg">
                    <span>When I am on the dbankwebpage</span>
      <div>
      </div>
                  </div>
                  <div class="step pass-bg">
                    <span>Then I sign in using valid credentials</span>
      <div>
      </div>
                  </div>
                  <div class="step pass-bg">
                    <span>And I enter on the Home Page</span>
      <div>
      </div>
                  </div>
                  <div class="step pass-bg">
                    <span>Then I  click on Direct Transer to visa</span>
      <div>
      </div>
                  </div>
                  <div class="step pass-bg">
                    <span>Then I select the visa account number</span>
      <div>
      </div>
                  </div>
                  <div class="step pass-bg">
                    <span>Then I give the transfer amount as '1000'</span>
      <div>
      </div>
                  </div>
                  <div class="step fail-bg">
                    <span>And I click on  submit</span>
      <div>
        <textarea disabled class="code-block">java.lang.AssertionError: Please raise a tickect Current Api is not working ...
	at org.testng.Assert.fail(Assert.java:110)
	at stepDefs.DirectPaymentToVisasteps.i_click_on_submit(DirectPaymentToVisasteps.java:82)
	at ✽.I click on  submit(file:///C:/Users/DELL/git/SignInDBankDemo/RLLProject/src/test/java/feature/m6_DirectPaymentToVisa.feature:10)
</textarea>
      
      </div>
                  </div>
                  <div class="step skip-bg">
                    <span>And I will get result as 'Service Unavailable'</span>
      <div>Step skipped
      </div>
                  </div>
              </div>
            </div>
        </div>
  </div>
</div>
          </div>
        </li>
        <li class="test-item"  status="pass" test-id="73"
          author=""
          tag=""
          device="">
          <div class="test-detail">
            <p class="name">Testing dbankdemo Search TRN of View Checking feature</p>
            <p class="text-sm">
              <span>1:32:09 pm</span> / <span>00:00:15:080</span>
              <span class="badge pass-bg log float-right">Pass</span>
            </p>
          </div>
          <div class="test-contents d-none">
<div class="detail-head">
<div class="p-v-10">
<div class="info">
<h5 class="test-status text-pass">Testing dbankdemo Search TRN of View Checking feature</h5>
<span class='badge badge-success'>01.23.2024 1:32:09 pm</span>
<span class='badge badge-danger'>01.23.2024 1:32:24 pm</span>
<span class='badge badge-default'>00:00:15:080</span>
&middot; <span class='uri-anchor badge badge-default'>#test-id=73</span>
<span class='badge badge-default pointer float-right ml-1 et'><i class="fa fa-chevron-down"></i></span>
<span class='badge badge-default pointer float-right ct'><i class="fa fa-chevron-up"></i></span>
</div>
<div class="m-t-10 m-l-5"></div>
</div>
</div>
<div class="accordion mt-4">
  <div class="card">
    <div class="card-header" role="tab">
      <div class="card-title">
        <div class="node" id="74"><span class="badge log pass-bg mr-2">Pass</span>Testing for Searching TRN of View Checking page</div>
      </div>
    </div>
        <div class="collapse">
          <div class="card-body">
              <div class="step pass-bg" title="stepDefs.SearchTRN_ViewChecking_step_def.user_is_on_view_checking_page()">
                <span>Given User is on View Checking page</span>
      <div>
      </div>
              </div>
              <div class="step pass-bg" title="stepDefs.SearchTRN_ViewChecking_step_def.validate_search_box_with_valid_trn()">
                <span>Then Validate Search box with valid TRN</span>
      <div>
      </div>
              </div>
              <div class="step pass-bg" title="stepDefs.SearchTRN_ViewChecking_step_def.validate_search_box_with_invalid_trn()">
                <span>And Validate Search box with invalid TRN</span>
      <div>
      </div>
              </div>
          </div>
        </div>
  </div>
</div>
          </div>
        </li>
        <li class="test-item"  status="pass" test-id="78"
          author=""
          tag=""
          device="">
          <div class="test-detail">
            <p class="name">Testing banking website</p>
            <p class="text-sm">
              <span>1:32:24 pm</span> / <span>00:00:17:004</span>
              <span class="badge pass-bg log float-right">Pass</span>
            </p>
          </div>
          <div class="test-contents d-none">
<div class="detail-head">
<div class="p-v-10">
<div class="info">
<h5 class="test-status text-pass">Testing banking website</h5>
<span class='badge badge-success'>01.23.2024 1:32:24 pm</span>
<span class='badge badge-danger'>01.23.2024 1:32:41 pm</span>
<span class='badge badge-default'>00:00:17:004</span>
&middot; <span class='uri-anchor badge badge-default'>#test-id=78</span>
<span class='badge badge-default pointer float-right ml-1 et'><i class="fa fa-chevron-down"></i></span>
<span class='badge badge-default pointer float-right ct'><i class="fa fa-chevron-up"></i></span>
</div>
<div class="m-t-10 m-l-5"></div>
</div>
</div>
<div class="accordion mt-4">
  <div class="card">
    <div class="card-header" role="tab">
      <div class="card-title">
        <div class="node" id="79"><span class="badge log pass-bg mr-2">Pass</span>Searching Transaction number on View savings account</div>
      </div>
    </div>
        <div class="collapse">
          <div class="card-body">
              <div class="step pass-bg" title="stepDefs.ViewSavingsStepdef.i_open_the_banking_website()">
                <span>Given I open the banking website</span>
      <div>
      </div>
              </div>
              <div class="step pass-bg" title="stepDefs.ViewSavingsStepdef.i_enter_username_and_password()">
                <span>When I enter Username and password</span>
      <div>
      </div>
              </div>
              <div class="step pass-bg" title="stepDefs.ViewSavingsStepdef.i_click_on_the_sign_in_buttton()">
                <span>Then I click on the Sign in buttton</span>
      <div>
      </div>
              </div>
              <div class="step pass-bg" title="stepDefs.ViewSavingsStepdef.i_click_on_the_savings_tab()">
                <span>And I click on the Savings tab</span>
      <div>
      </div>
              </div>
              <div class="step pass-bg" title="stepDefs.ViewSavingsStepdef.i_click_on_the_view_savings_option()">
                <span>And I click on the 	view savings option</span>
      <div>
      </div>
              </div>
              <div class="step pass-bg" title="stepDefs.ViewSavingsStepdef.i_should_click_on_the_search_transaction()">
                <span>Then I should click on the search Transaction</span>
      <div>
      </div>
              </div>
              <div class="step pass-bg" title="stepDefs.ViewSavingsStepdef.i_should_search_transcation_in_the_search_option()">
                <span>And I should search transcation in the search option</span>
      <div>
      </div>
              </div>
          </div>
        </div>
  </div>
</div>
          </div>
        </li>
      </ul>
    </div>
  </div>
<div class="test-content scrollable">
<div class="test-content-tools">
<ul><li><a class="back-to-test" href="#"><i class="fa fa-arrow-left"></i></a></li></ul>
</div>
<div class="test-content-detail"><div class="detail-body"></div></div>
</div></div>
<div class="test-wrapper row view category-view attributes-view">
<div class="test-list">
<div class="test-list-tools">
<ul class="tools pull-left"><li><a href=""><span class="font-size-14">Category</span></a></li></ul>
<ul class="tools text-right"><li><a href="#"><span class="badge badge-primary">1</span></a></li></ul>
</div>
<div class="test-list-wrapper scrollable">
<ul class="test-list-item">
<li class="test-item">
<div class="test-detail">
<span class="meta">
<span class='badge log pass-bg'>1</span>
</span>
<p class="name">@tag</p>
<p class="duration text-sm">1 tests</p>
</div>
<div class="test-contents d-none">
<div class="info">
<h4>@tag</h4>
<span status="pass" class='badge log pass-bg'>1 passed</span>
</div>
<table class='table table-sm mt-4'>
<thead>
<tr>
<th class="status-col">Status</th>
<th class="timestamp-col">Timestamp</th>
<th>TestName</th>
</tr>
</thead>
<tbody>
<tr class="tag-test-status" status="pass">
<td><span class="badge log pass-bg">Pass</span></td>
<td>13:29:33 pm</td>
<td>
<a href="#" class="linked" test-id='32' id='33'>Testing withdraw from account page</a>
<div class="">
<span class="badge badge-default">With draw from account.Testing withdraw from account page</span>
</div>
</td>
</tr>
</tbody>
</table>
</div>
</li>
</ul>
</div>
</div>
<div class="test-content scrollable">
<div class="test-content-detail">
<div class="detail-body"></div>
</div>
</div>
</div><div class="test-wrapper row view exception-view attributes-view">
<div class="test-list">
<div class="test-list-tools">
<ul class="tools pull-left"><li><a href=""><span class="font-size-14">Exception</span></a></li></ul>
<ul class="tools text-right"><li><a href="#"><span class="badge badge-primary">2</span></a></li></ul>
</div>
<div class="test-list-wrapper scrollable">
<ul class="test-list-item">
<li class="test-item">
<div class="test-detail">
<span class="meta">
<span class='badge log badge-danger'>4</span>
</span>
<p class="name">java.lang.AssertionError</p>
<p class="duration text-sm">4 tests</p>
</div>
<div class="test-contents d-none">
<div class="info">
<h4>java.lang.AssertionError</h4>
<span status="fail" class='badge log badge-danger'>4 failed</span>
</div>
<table class='table table-sm mt-4'>
<thead>
<tr>
<th class="status-col">Status</th>
<th class="timestamp-col">Timestamp</th>
<th>TestName</th>
</tr>
</thead>
<tbody>
<tr class="tag-test-status" status="fail">
<td><span class="badge log fail-bg">Fail</span></td>
<td>13:28:34 pm</td>
<td>
<a href="#" class="linked" test-id='16' id='20'>Then I close my browser</a>
<div class="">
<span class="badge badge-default">Testing SignIn feature of dbankdemo website.User logs in with the Digital Bank website with valid and invalid credentials from Excel.Then I close my browser</span>
</div>
</td>
</tr>
<tr class="tag-test-status" status="fail">
<td><span class="badge log fail-bg">Fail</span></td>
<td>13:29:12 pm</td>
<td>
<a href="#" class="linked" test-id='16' id='24'>Then I close my browser</a>
<div class="">
<span class="badge badge-default">Testing SignIn feature of dbankdemo website.User logs in with the Digital Bank website with valid and invalid credentials from Excel.Then I close my browser</span>
</div>
</td>
</tr>
<tr class="tag-test-status" status="fail">
<td><span class="badge log fail-bg">Fail</span></td>
<td>13:31:33 pm</td>
<td>
<a href="#" class="linked" test-id='53' id='62'>And I click on submit</a>
<div class="">
<span class="badge badge-default">Money transfer to Visa.Testing direct payment to visa page.And I click on submit</span>
</div>
</td>
</tr>
<tr class="tag-test-status" status="fail">
<td><span class="badge log fail-bg">Fail</span></td>
<td>13:32:04 pm</td>
<td>
<a href="#" class="linked" test-id='53' id='71'>And I click on submit</a>
<div class="">
<span class="badge badge-default">Money transfer to Visa.Testing direct payment to visa page.And I click on submit</span>
</div>
</td>
</tr>
</tbody>
</table>
</div>
</li>
<li class="test-item">
<div class="test-detail">
<span class="meta">
<span class='badge log badge-danger'>2</span>
</span>
<p class="name">org.openqa.selenium.NoSuchElementException</p>
<p class="duration text-sm">2 tests</p>
</div>
<div class="test-contents d-none">
<div class="info">
<h4>org.openqa.selenium.NoSuchElementException</h4>
<span status="fail" class='badge log badge-danger'>2 failed</span>
</div>
<table class='table table-sm mt-4'>
<thead>
<tr>
<th class="status-col">Status</th>
<th class="timestamp-col">Timestamp</th>
<th>TestName</th>
</tr>
</thead>
<tbody>
<tr class="tag-test-status" status="fail">
<td><span class="badge log fail-bg">Fail</span></td>
<td>13:27:44 pm</td>
<td>
<a href="#" class="linked" test-id='1' id='7'>Then Check Register button without any data</a>
<div class="">
<span class="badge badge-default">Testing dbankdemo SignUp feature.Testing SignUp Page of Dbank Demo.Then Check Register button without any data</span>
</div>
</td>
</tr>
<tr class="tag-test-status" status="fail">
<td><span class="badge log fail-bg">Fail</span></td>
<td>13:27:49 pm</td>
<td>
<a href="#" class="linked" test-id='1' id='10'>Given User is on SignUp page</a>
<div class="">
<span class="badge badge-default">Testing dbankdemo SignUp feature.Testing SignUp Page of Dbank Demo.Given User is on SignUp page</span>
</div>
</td>
</tr>
</tbody>
</table>
</div>
</li>
</ul>
</div>
</div>
<div class="test-content scrollable">
<div class="test-content-detail">
<div class="detail-body"></div>
</div>
</div>
</div>        </div>
      </div>
    </div>
  </div>
<script src="https://cdn.jsdelivr.net/gh/extent-framework/extent-github-cdn@d6562a79075e061305ccfdb82f01e5e195e2d307/spark/js/spark-script.js"></script>
<script type="text/javascript"></script></body>
</html>